<?xml version="1.0" encoding="UTF-8"?>
<testsuite xmlns:xsi="http://www.w3.org/2001/XMLSchema-instance" xsi:noNamespaceSchemaLocation="https://maven.apache.org/surefire/maven-surefire-plugin/xsd/surefire-test-report-3.0.xsd" version="3.0" name="com.niamapp.NiamControllerTest" time="5.967" tests="5" errors="0" skipped="0" failures="0">
  <properties>
[...]
</properties>
  <testcase name="getNames_returnsExactlyFiveNames" classname="com.niamapp.NiamControllerTest" time="1.981">
    <system-out><![CDATA[20:47:37.955 [main] INFO org.springframework.test.context.support.AnnotationConfigContextLoaderUtils -- Could not detect default configuration classes for test class [com.niamapp.NiamControllerTest]: NiamControllerTest does not declare any static, non-private, non-final, nested classes annotated with @Configuration.
20:47:38.269 [main] INFO org.springframework.boot.test.context.SpringBootTestContextBootstrapper -- Found @SpringBootConfiguration com.niamapp.NiamAppApplication for test class com.niamapp.NiamControllerTest

  .   ____          _            __ _ _
 /\\ / ___'_ __ _ _(_)_ __  __ _ \ \ \ \
( ( )\___ | '_ | '_| | '_ \/ _` | \ \ \ \
 \\/  ___)| |_)| | | | | || (_| |  ) ) ) )
  '  |____| .__|_| |_|_| |_\__, | / / / /
 =========|_|==============|___/=/_/_/_/
 :: Spring Boot ::                (v3.2.4)

2026-03-29T20:47:39.236-07:00  INFO 8728 --- [           main] com.niamapp.NiamControllerTest           : Starting NiamControllerTest using Java 17.0.18 with PID 8728 (started by initi in C:\Users\initi\niamApp\backend)
2026-03-29T20:47:39.236-07:00  INFO 8728 --- [           main] com.niamapp.NiamControllerTest           : No active profile set, falling back to 1 default profile: "default"
2026-03-29T20:47:41.419-07:00  INFO 8728 --- [           main] o.s.b.t.m.w.SpringBootMockServletContext : Initializing Spring TestDispatcherServlet ''
2026-03-29T20:47:41.419-07:00  INFO 8728 --- [           main] o.s.t.web.servlet.TestDispatcherServlet  : Initializing Servlet ''
2026-03-29T20:47:41.425-07:00  INFO 8728 --- [           main] o.s.t.web.servlet.TestDispatcherServlet  : Completed initialization in 4 ms
2026-03-29T20:47:41.484-07:00  INFO 8728 --- [           main] com.niamapp.NiamControllerTest           : Started NiamControllerTest in 3.041 seconds (process running for 5.042)
]]></system-out>
  </testcase>
  <testcase name="getNames_returns200" classname="com.niamapp.NiamControllerTest" time="0.015"/>
  <testcase name="getNames_firstNameIsNiam" classname="com.niamapp.NiamControllerTest" time="0.015"/>
  <testcase name="getNames_returnsProtobufContentType" classname="com.niamapp.NiamControllerTest" time="0.012"/>
  <testcase name="getNames_bodyDecodesCorrectly" classname="com.niamapp.NiamControllerTest" time="0.024"/>
</testsuite>